2014-08-30 20:47:26.724  INFO 1320 [main] --- pl.zgora.jug.sprangu.Application         : Starting Application on Mirek-Komputer with PID 1320 (D:\JUG\workspace\sprangu\target\classes started by Mirek in D:\JUG\workspace\sprangu)
2014-08-30 20:47:27.043  INFO 1320 [main] --- ationConfigEmbeddedWebApplicationContext : Refreshing org.springframework.boot.context.embedded.AnnotationConfigEmbeddedWebApplicationContext@51ff8e: startup date [Sat Aug 30 20:47:27 CEST 2014]; root of context hierarchy
2014-08-30 20:47:27.604  INFO 1320 [main] --- o.s.b.f.s.DefaultListableBeanFactory     : Overriding bean definition for bean 'beanNameViewResolver': replacing [Root bean: class [null]; scope=; abstract=false; lazyInit=false; autowireMode=3; dependencyCheck=0; autowireCandidate=true; primary=false; factoryBeanName=org.springframework.boot.autoconfigure.web.ErrorMvcAutoConfiguration$WhitelabelErrorViewConfiguration; factoryMethodName=beanNameViewResolver; initMethodName=null; destroyMethodName=(inferred); defined in class path resource [org/springframework/boot/autoconfigure/web/ErrorMvcAutoConfiguration$WhitelabelErrorViewConfiguration.class]] with [Root bean: class [null]; scope=; abstract=false; lazyInit=false; autowireMode=3; dependencyCheck=0; autowireCandidate=true; primary=false; factoryBeanName=org.springframework.boot.autoconfigure.web.WebMvcAutoConfiguration$WebMvcAutoConfigurationAdapter; factoryMethodName=beanNameViewResolver; initMethodName=null; destroyMethodName=(inferred); defined in class path resource [org/springframework/boot/autoconfigure/web/WebMvcAutoConfiguration$WebMvcAutoConfigurationAdapter.class]]
2014-08-30 20:47:28.445  INFO 1320 [main] --- f.a.AutowiredAnnotationBeanPostProcessor : JSR-330 'javax.inject.Inject' annotation found and supported for autowiring
2014-08-30 20:47:28.769  INFO 1320 [main] --- trationDelegate$BeanPostProcessorChecker : Bean 'org.springframework.transaction.annotation.ProxyTransactionManagementConfiguration' of type [class org.springframework.transaction.annotation.ProxyTransactionManagementConfiguration$$EnhancerBySpringCGLIB$$3f3f9817] is not eligible for getting processed by all BeanPostProcessors (for example: not eligible for auto-proxying)
2014-08-30 20:47:28.804  INFO 1320 [main] --- trationDelegate$BeanPostProcessorChecker : Bean 'transactionAttributeSource' of type [class org.springframework.transaction.annotation.AnnotationTransactionAttributeSource] is not eligible for getting processed by all BeanPostProcessors (for example: not eligible for auto-proxying)
2014-08-30 20:47:28.816  INFO 1320 [main] --- trationDelegate$BeanPostProcessorChecker : Bean 'transactionInterceptor' of type [class org.springframework.transaction.interceptor.TransactionInterceptor] is not eligible for getting processed by all BeanPostProcessors (for example: not eligible for auto-proxying)
2014-08-30 20:47:28.823  INFO 1320 [main] --- trationDelegate$BeanPostProcessorChecker : Bean 'org.springframework.transaction.config.internalTransactionAdvisor' of type [class org.springframework.transaction.interceptor.BeanFactoryTransactionAttributeSourceAdvisor] is not eligible for getting processed by all BeanPostProcessors (for example: not eligible for auto-proxying)
2014-08-30 20:47:29.374  INFO 1320 [main] --- .t.TomcatEmbeddedServletContainerFactory : Server initialized with port: 8080
2014-08-30 20:47:29.515  INFO 1320 [main] --- o.apache.catalina.core.StandardService   : Starting service Tomcat
2014-08-30 20:47:29.517  INFO 1320 [main] --- org.apache.catalina.core.StandardEngine  : Starting Servlet Engine: Apache Tomcat/7.0.54
2014-08-30 20:47:29.711  INFO 1320 [localhost-startStop-1] --- o.a.c.c.C.[Tomcat].[localhost].[/]       : Initializing Spring embedded WebApplicationContext
2014-08-30 20:47:29.711  INFO 1320 [localhost-startStop-1] --- o.s.web.context.ContextLoader            : Root WebApplicationContext: initialization completed in 2668 ms
2014-08-30 20:47:30.497  INFO 1320 [localhost-startStop-1] --- o.s.b.c.e.ServletRegistrationBean        : Mapping servlet: 'dispatcherServlet' to [/]
2014-08-30 20:47:30.499  INFO 1320 [localhost-startStop-1] --- o.s.b.c.embedded.FilterRegistrationBean  : Mapping filter: 'metricFilter' to: [/*]
2014-08-30 20:47:30.499  INFO 1320 [localhost-startStop-1] --- o.s.b.c.embedded.FilterRegistrationBean  : Mapping filter: 'hiddenHttpMethodFilter' to: [/*]
2014-08-30 20:47:30.499  INFO 1320 [localhost-startStop-1] --- o.s.b.c.embedded.FilterRegistrationBean  : Mapping filter: 'applicationContextIdFilter' to: [/*]
2014-08-30 20:47:30.500  INFO 1320 [localhost-startStop-1] --- o.s.b.c.embedded.FilterRegistrationBean  : Mapping filter: 'webRequestLoggingFilter' to: [/*]
2014-08-30 20:47:31.159  INFO 1320 [main] --- j.LocalContainerEntityManagerFactoryBean : Building JPA container EntityManagerFactory for persistence unit 'default'
2014-08-30 20:47:31.172  INFO 1320 [main] --- o.hibernate.jpa.internal.util.LogHelper  : HHH000204: Processing PersistenceUnitInfo [
	name: default
	...]
2014-08-30 20:47:31.244  INFO 1320 [main] --- org.hibernate.Version                    : HHH000412: Hibernate Core {4.3.5.Final}
2014-08-30 20:47:31.246  INFO 1320 [main] --- org.hibernate.cfg.Environment            : HHH000206: hibernate.properties not found
2014-08-30 20:47:31.248  INFO 1320 [main] --- org.hibernate.cfg.Environment            : HHH000021: Bytecode provider name : javassist
2014-08-30 20:47:31.568  INFO 1320 [main] --- o.hibernate.annotations.common.Version   : HCANN000001: Hibernate Commons Annotations {4.0.4.Final}
2014-08-30 20:47:31.646  INFO 1320 [main] --- org.hibernate.dialect.Dialect            : HHH000400: Using dialect: org.hibernate.dialect.H2Dialect
2014-08-30 20:47:31.770  INFO 1320 [main] --- o.h.h.i.ast.ASTQueryTranslatorFactory    : HHH000397: Using ASTQueryTranslatorFactory
2014-08-30 20:47:32.090  INFO 1320 [main] --- org.hibernate.tool.hbm2ddl.SchemaExport  : HHH000227: Running hbm2ddl schema export
2014-08-30 20:47:32.098  INFO 1320 [main] --- org.hibernate.tool.hbm2ddl.SchemaExport  : HHH000230: Schema export complete
2014-08-30 20:47:32.813  INFO 1320 [main] --- o.s.w.s.handler.SimpleUrlHandlerMapping  : Mapped URL path [/**/favicon.ico] onto handler of type [class org.springframework.web.servlet.resource.ResourceHttpRequestHandler]
2014-08-30 20:47:32.929  INFO 1320 [main] --- s.w.s.m.m.a.RequestMappingHandlerMapping : Mapped "{[/cars/{id}],methods=[GET],params=[],headers=[],consumes=[],produces=[],custom=[]}" onto public pl.zgora.jug.sprangu.Car pl.zgora.jug.sprangu.CarResource.find(java.lang.Long)
2014-08-30 20:47:32.929  INFO 1320 [main] --- s.w.s.m.m.a.RequestMappingHandlerMapping : Mapped "{[/cars],methods=[POST],params=[],headers=[],consumes=[],produces=[],custom=[]}" onto public java.lang.Long pl.zgora.jug.sprangu.CarResource.save(pl.zgora.jug.sprangu.Car)
2014-08-30 20:47:32.929  INFO 1320 [main] --- s.w.s.m.m.a.RequestMappingHandlerMapping : Mapped "{[/cars/{id}],methods=[DELETE],params=[],headers=[],consumes=[],produces=[],custom=[]}" onto public void pl.zgora.jug.sprangu.CarResource.delete(java.lang.Long)
2014-08-30 20:47:32.929  INFO 1320 [main] --- s.w.s.m.m.a.RequestMappingHandlerMapping : Mapped "{[/cars],methods=[GET],params=[],headers=[],consumes=[],produces=[],custom=[]}" onto public java.util.List<pl.zgora.jug.sprangu.Car> pl.zgora.jug.sprangu.CarResource.all(java.lang.String)
2014-08-30 20:47:32.933  INFO 1320 [main] --- s.w.s.m.m.a.RequestMappingHandlerMapping : Mapped "{[/error],methods=[],params=[],headers=[],consumes=[],produces=[],custom=[]}" onto public org.springframework.http.ResponseEntity<java.util.Map<java.lang.String, java.lang.Object>> org.springframework.boot.autoconfigure.web.BasicErrorController.error(javax.servlet.http.HttpServletRequest)
2014-08-30 20:47:32.933  INFO 1320 [main] --- s.w.s.m.m.a.RequestMappingHandlerMapping : Mapped "{[/error],methods=[],params=[],headers=[],consumes=[],produces=[text/html],custom=[]}" onto public org.springframework.web.servlet.ModelAndView org.springframework.boot.autoconfigure.web.BasicErrorController.errorHtml(javax.servlet.http.HttpServletRequest)
2014-08-30 20:47:32.946  INFO 1320 [main] --- o.s.w.s.c.a.WebMvcConfigurerAdapter      : Adding welcome page: file:/D:/JUG/workspace/sprangu/target/classes/public/index.html
2014-08-30 20:47:32.950  INFO 1320 [main] --- o.s.w.s.handler.SimpleUrlHandlerMapping  : Root mapping to handler of type [class org.springframework.web.servlet.mvc.ParameterizableViewController]
2014-08-30 20:47:32.965  INFO 1320 [main] --- o.s.w.s.handler.SimpleUrlHandlerMapping  : Mapped URL path [/**] onto handler of type [class org.springframework.web.servlet.resource.ResourceHttpRequestHandler]
2014-08-30 20:47:32.966  INFO 1320 [main] --- o.s.w.s.handler.SimpleUrlHandlerMapping  : Mapped URL path [/webjars/**] onto handler of type [class org.springframework.web.servlet.resource.ResourceHttpRequestHandler]
2014-08-30 20:47:33.186  INFO 1320 [main] --- roperties$SimpleAuthenticationProperties : 

Using default password for shell access: 768b65f4-ed73-4053-9751-01c68825e353


2014-08-30 20:47:33.706  INFO 1320 [main] --- .CrshAutoConfiguration$CrshBootstrapBean : Configuring property ssh.port=2000 from properties
2014-08-30 20:47:33.707  INFO 1320 [main] --- .CrshAutoConfiguration$CrshBootstrapBean : Configuring property ssh.auth_timeout=600000 from properties
2014-08-30 20:47:33.707  INFO 1320 [main] --- .CrshAutoConfiguration$CrshBootstrapBean : Configuring property ssh.idle_timeout=600000 from properties
2014-08-30 20:47:33.707  INFO 1320 [main] --- .CrshAutoConfiguration$CrshBootstrapBean : Configuring property ssh.default_encoding=UTF-8 from properties
2014-08-30 20:47:33.707  INFO 1320 [main] --- .CrshAutoConfiguration$CrshBootstrapBean : Configuring property auth=simple from properties
2014-08-30 20:47:33.708  INFO 1320 [main] --- .CrshAutoConfiguration$CrshBootstrapBean : Configuring property auth.simple.username=user from properties
2014-08-30 20:47:33.708  INFO 1320 [main] --- .CrshAutoConfiguration$CrshBootstrapBean : Configuring property auth.simple.password=768b65f4-ed73-4053-9751-01c68825e353 from properties
2014-08-30 20:47:33.725  INFO 1320 [main] --- org.crsh.ssh.SSHPlugin                   : Booting SSHD
2014-08-30 20:47:33.793  INFO 1320 [main] --- o.apache.sshd.common.util.SecurityUtils  : Trying to register BouncyCastle as a JCE provider
2014-08-30 20:47:34.316  INFO 1320 [main] --- o.apache.sshd.common.util.SecurityUtils  : Registration succeeded
2014-08-30 20:47:34.394  INFO 1320 [main] --- org.crsh.ssh.term.SSHLifeCycle           : About to start CRaSSHD
2014-08-30 20:47:34.422  INFO 1320 [main] --- org.crsh.ssh.term.SSHLifeCycle           : CRaSSHD started on port 2000
2014-08-30 20:47:34.809  INFO 1320 [main] --- o.s.j.e.a.AnnotationMBeanExporter        : Registering beans for JMX exposure on startup
2014-08-30 20:47:34.859  INFO 1320 [main] --- o.s.b.a.e.jmx.EndpointMBeanExporter      : Registering beans for JMX exposure on startup
2014-08-30 20:47:34.942  INFO 1320 [main] --- o.s.b.a.e.mvc.EndpointHandlerMapping     : Mapped "{[/health],methods=[],params=[],headers=[],consumes=[],produces=[],custom=[]}" onto public java.lang.Object org.springframework.boot.actuate.endpoint.mvc.HealthMvcEndpoint.invoke()
2014-08-30 20:47:34.942  INFO 1320 [main] --- o.s.b.a.e.mvc.EndpointHandlerMapping     : Mapped "{[/dump],methods=[GET],params=[],headers=[],consumes=[],produces=[],custom=[]}" onto public java.lang.Object org.springframework.boot.actuate.endpoint.mvc.EndpointMvcAdapter.invoke()
2014-08-30 20:47:34.943  INFO 1320 [main] --- o.s.b.a.e.mvc.EndpointHandlerMapping     : Mapped "{[/configprops],methods=[GET],params=[],headers=[],consumes=[],produces=[],custom=[]}" onto public java.lang.Object org.springframework.boot.actuate.endpoint.mvc.EndpointMvcAdapter.invoke()
2014-08-30 20:47:34.944  INFO 1320 [main] --- o.s.b.a.e.mvc.EndpointHandlerMapping     : Mapped "{[/metrics/{name:.*}],methods=[GET],params=[],headers=[],consumes=[],produces=[],custom=[]}" onto public java.lang.Object org.springframework.boot.actuate.endpoint.mvc.MetricsMvcEndpoint.value(java.lang.String)
2014-08-30 20:47:34.944  INFO 1320 [main] --- o.s.b.a.e.mvc.EndpointHandlerMapping     : Mapped "{[/metrics],methods=[GET],params=[],headers=[],consumes=[],produces=[],custom=[]}" onto public java.lang.Object org.springframework.boot.actuate.endpoint.mvc.EndpointMvcAdapter.invoke()
2014-08-30 20:47:34.944  INFO 1320 [main] --- o.s.b.a.e.mvc.EndpointHandlerMapping     : Mapped "{[/info],methods=[GET],params=[],headers=[],consumes=[],produces=[],custom=[]}" onto public java.lang.Object org.springframework.boot.actuate.endpoint.mvc.EndpointMvcAdapter.invoke()
2014-08-30 20:47:34.945  INFO 1320 [main] --- o.s.b.a.e.mvc.EndpointHandlerMapping     : Mapped "{[/trace],methods=[GET],params=[],headers=[],consumes=[],produces=[],custom=[]}" onto public java.lang.Object org.springframework.boot.actuate.endpoint.mvc.EndpointMvcAdapter.invoke()
2014-08-30 20:47:34.946  INFO 1320 [main] --- o.s.b.a.e.mvc.EndpointHandlerMapping     : Mapped "{[/env/{name:.*}],methods=[GET],params=[],headers=[],consumes=[],produces=[],custom=[]}" onto public java.lang.Object org.springframework.boot.actuate.endpoint.mvc.EnvironmentMvcEndpoint.value(java.lang.String)
2014-08-30 20:47:34.946  INFO 1320 [main] --- o.s.b.a.e.mvc.EndpointHandlerMapping     : Mapped "{[/env],methods=[GET],params=[],headers=[],consumes=[],produces=[],custom=[]}" onto public java.lang.Object org.springframework.boot.actuate.endpoint.mvc.EndpointMvcAdapter.invoke()
2014-08-30 20:47:34.946  INFO 1320 [main] --- o.s.b.a.e.mvc.EndpointHandlerMapping     : Mapped "{[/beans],methods=[GET],params=[],headers=[],consumes=[],produces=[],custom=[]}" onto public java.lang.Object org.springframework.boot.actuate.endpoint.mvc.EndpointMvcAdapter.invoke()
2014-08-30 20:47:34.947  INFO 1320 [main] --- o.s.b.a.e.mvc.EndpointHandlerMapping     : Mapped "{[/autoconfig],methods=[GET],params=[],headers=[],consumes=[],produces=[],custom=[]}" onto public java.lang.Object org.springframework.boot.actuate.endpoint.mvc.EndpointMvcAdapter.invoke()
2014-08-30 20:47:34.947  INFO 1320 [main] --- o.s.b.a.e.mvc.EndpointHandlerMapping     : Mapped "{[/mappings],methods=[GET],params=[],headers=[],consumes=[],produces=[],custom=[]}" onto public java.lang.Object org.springframework.boot.actuate.endpoint.mvc.EndpointMvcAdapter.invoke()
2014-08-30 20:47:35.042  INFO 1320 [main] --- o.s.c.support.DefaultLifecycleProcessor  : Starting beans in phase 0
2014-08-30 20:47:35.047  INFO 1320 [main] --- o.s.b.a.e.jmx.EndpointMBeanExporter      : Located managed bean 'requestMappingEndpoint': registering with JMX server as MBean [org.springframework.boot:type=Endpoint,name=requestMappingEndpoint]
2014-08-30 20:47:35.077  INFO 1320 [main] --- o.s.b.a.e.jmx.EndpointMBeanExporter      : Located managed bean 'environmentEndpoint': registering with JMX server as MBean [org.springframework.boot:type=Endpoint,name=environmentEndpoint]
2014-08-30 20:47:35.088  INFO 1320 [main] --- o.s.b.a.e.jmx.EndpointMBeanExporter      : Located managed bean 'healthEndpoint': registering with JMX server as MBean [org.springframework.boot:type=Endpoint,name=healthEndpoint]
2014-08-30 20:47:35.098  INFO 1320 [main] --- o.s.b.a.e.jmx.EndpointMBeanExporter      : Located managed bean 'beansEndpoint': registering with JMX server as MBean [org.springframework.boot:type=Endpoint,name=beansEndpoint]
2014-08-30 20:47:35.108  INFO 1320 [main] --- o.s.b.a.e.jmx.EndpointMBeanExporter      : Located managed bean 'infoEndpoint': registering with JMX server as MBean [org.springframework.boot:type=Endpoint,name=infoEndpoint]
2014-08-30 20:47:35.116  INFO 1320 [main] --- o.s.b.a.e.jmx.EndpointMBeanExporter      : Located managed bean 'metricsEndpoint': registering with JMX server as MBean [org.springframework.boot:type=Endpoint,name=metricsEndpoint]
2014-08-30 20:47:35.125  INFO 1320 [main] --- o.s.b.a.e.jmx.EndpointMBeanExporter      : Located managed bean 'traceEndpoint': registering with JMX server as MBean [org.springframework.boot:type=Endpoint,name=traceEndpoint]
2014-08-30 20:47:35.133  INFO 1320 [main] --- o.s.b.a.e.jmx.EndpointMBeanExporter      : Located managed bean 'dumpEndpoint': registering with JMX server as MBean [org.springframework.boot:type=Endpoint,name=dumpEndpoint]
2014-08-30 20:47:35.145  INFO 1320 [main] --- o.s.b.a.e.jmx.EndpointMBeanExporter      : Located managed bean 'autoConfigurationAuditEndpoint': registering with JMX server as MBean [org.springframework.boot:type=Endpoint,name=autoConfigurationAuditEndpoint]
2014-08-30 20:47:35.154  INFO 1320 [main] --- o.s.b.a.e.jmx.EndpointMBeanExporter      : Located managed bean 'shutdownEndpoint': registering with JMX server as MBean [org.springframework.boot:type=Endpoint,name=shutdownEndpoint]
2014-08-30 20:47:35.166  INFO 1320 [main] --- o.s.b.a.e.jmx.EndpointMBeanExporter      : Located managed bean 'configurationPropertiesReportEndpoint': registering with JMX server as MBean [org.springframework.boot:type=Endpoint,name=configurationPropertiesReportEndpoint]
2014-08-30 20:47:35.261  INFO 1320 [main] --- s.b.c.e.t.TomcatEmbeddedServletContainer : Tomcat started on port(s): 8080/http
2014-08-30 20:47:35.263  INFO 1320 [main] --- pl.zgora.jug.sprangu.Application         : Started Application in 9.07 seconds (JVM running for 11.925)
2014-08-30 20:47:35.426  INFO 1320 [http-nio-8080-exec-1] --- o.a.c.c.C.[Tomcat].[localhost].[/]       : Initializing Spring FrameworkServlet 'dispatcherServlet'
2014-08-30 20:47:35.426  INFO 1320 [http-nio-8080-exec-1] --- o.s.web.servlet.DispatcherServlet        : FrameworkServlet 'dispatcherServlet': initialization started
2014-08-30 20:47:35.455  INFO 1320 [http-nio-8080-exec-1] --- o.s.web.servlet.DispatcherServlet        : FrameworkServlet 'dispatcherServlet': initialization completed in 29 ms
2014-10-02 14:17:15.089  INFO 4187 [main] --- pl.zgora.jug.sprangu.Application         : Starting Application on dawidm-Inspiron-7520 with PID 4187 (/home/dawidm/dev/java/spring/workspace/spotkanie-2014-08-27-spring-boot-angular/target/classes started by dawidm in /home/dawidm/dev/java/spring/workspace/spotkanie-2014-08-27-spring-boot-angular)
2014-10-02 14:17:15.278  INFO 4187 [main] --- ationConfigEmbeddedWebApplicationContext : Refreshing org.springframework.boot.context.embedded.AnnotationConfigEmbeddedWebApplicationContext@58134517: startup date [Thu Oct 02 14:17:15 CEST 2014]; root of context hierarchy
2014-10-02 14:17:15.699  INFO 4187 [main] --- o.s.b.f.s.DefaultListableBeanFactory     : Overriding bean definition for bean 'beanNameViewResolver': replacing [Root bean: class [null]; scope=; abstract=false; lazyInit=false; autowireMode=3; dependencyCheck=0; autowireCandidate=true; primary=false; factoryBeanName=org.springframework.boot.autoconfigure.web.ErrorMvcAutoConfiguration$WhitelabelErrorViewConfiguration; factoryMethodName=beanNameViewResolver; initMethodName=null; destroyMethodName=(inferred); defined in class path resource [org/springframework/boot/autoconfigure/web/ErrorMvcAutoConfiguration$WhitelabelErrorViewConfiguration.class]] with [Root bean: class [null]; scope=; abstract=false; lazyInit=false; autowireMode=3; dependencyCheck=0; autowireCandidate=true; primary=false; factoryBeanName=org.springframework.boot.autoconfigure.web.WebMvcAutoConfiguration$WebMvcAutoConfigurationAdapter; factoryMethodName=beanNameViewResolver; initMethodName=null; destroyMethodName=(inferred); defined in class path resource [org/springframework/boot/autoconfigure/web/WebMvcAutoConfiguration$WebMvcAutoConfigurationAdapter.class]]
2014-10-02 14:17:16.371  INFO 4187 [main] --- f.a.AutowiredAnnotationBeanPostProcessor : JSR-330 'javax.inject.Inject' annotation found and supported for autowiring
2014-10-02 14:17:16.570  INFO 4187 [main] --- trationDelegate$BeanPostProcessorChecker : Bean 'org.springframework.transaction.annotation.ProxyTransactionManagementConfiguration' of type [class org.springframework.transaction.annotation.ProxyTransactionManagementConfiguration$$EnhancerBySpringCGLIB$$151e8128] is not eligible for getting processed by all BeanPostProcessors (for example: not eligible for auto-proxying)
2014-10-02 14:17:16.596  INFO 4187 [main] --- trationDelegate$BeanPostProcessorChecker : Bean 'transactionAttributeSource' of type [class org.springframework.transaction.annotation.AnnotationTransactionAttributeSource] is not eligible for getting processed by all BeanPostProcessors (for example: not eligible for auto-proxying)
2014-10-02 14:17:16.606  INFO 4187 [main] --- trationDelegate$BeanPostProcessorChecker : Bean 'transactionInterceptor' of type [class org.springframework.transaction.interceptor.TransactionInterceptor] is not eligible for getting processed by all BeanPostProcessors (for example: not eligible for auto-proxying)
2014-10-02 14:17:16.609  INFO 4187 [main] --- trationDelegate$BeanPostProcessorChecker : Bean 'org.springframework.transaction.config.internalTransactionAdvisor' of type [class org.springframework.transaction.interceptor.BeanFactoryTransactionAttributeSourceAdvisor] is not eligible for getting processed by all BeanPostProcessors (for example: not eligible for auto-proxying)
2014-10-02 14:17:16.877  INFO 4187 [main] --- .t.TomcatEmbeddedServletContainerFactory : Server initialized with port: 8080
2014-10-02 14:17:17.122  INFO 4187 [main] --- o.apache.catalina.core.StandardService   : Starting service Tomcat
2014-10-02 14:17:17.124  INFO 4187 [main] --- org.apache.catalina.core.StandardEngine  : Starting Servlet Engine: Apache Tomcat/7.0.54
2014-10-02 14:17:17.256  INFO 4187 [localhost-startStop-1] --- o.a.c.c.C.[Tomcat].[localhost].[/]       : Initializing Spring embedded WebApplicationContext
2014-10-02 14:17:17.256  INFO 4187 [localhost-startStop-1] --- o.s.web.context.ContextLoader            : Root WebApplicationContext: initialization completed in 1981 ms
2014-10-02 14:17:17.922  INFO 4187 [localhost-startStop-1] --- o.s.b.c.e.ServletRegistrationBean        : Mapping servlet: 'dispatcherServlet' to [/]
2014-10-02 14:17:17.925  INFO 4187 [localhost-startStop-1] --- o.s.b.c.embedded.FilterRegistrationBean  : Mapping filter: 'metricFilter' to: [/*]
2014-10-02 14:17:17.925  INFO 4187 [localhost-startStop-1] --- o.s.b.c.embedded.FilterRegistrationBean  : Mapping filter: 'hiddenHttpMethodFilter' to: [/*]
2014-10-02 14:17:17.926  INFO 4187 [localhost-startStop-1] --- o.s.b.c.embedded.FilterRegistrationBean  : Mapping filter: 'applicationContextIdFilter' to: [/*]
2014-10-02 14:17:17.926  INFO 4187 [localhost-startStop-1] --- o.s.b.c.embedded.FilterRegistrationBean  : Mapping filter: 'webRequestLoggingFilter' to: [/*]
2014-10-02 14:17:18.652  INFO 4187 [main] --- j.LocalContainerEntityManagerFactoryBean : Building JPA container EntityManagerFactory for persistence unit 'default'
2014-10-02 14:17:18.660  INFO 4187 [main] --- o.hibernate.jpa.internal.util.LogHelper  : HHH000204: Processing PersistenceUnitInfo [
	name: default
	...]
2014-10-02 14:17:18.716  INFO 4187 [main] --- org.hibernate.Version                    : HHH000412: Hibernate Core {4.3.5.Final}
2014-10-02 14:17:18.778  INFO 4187 [main] --- org.hibernate.cfg.Environment            : HHH000206: hibernate.properties not found
2014-10-02 14:17:18.780  INFO 4187 [main] --- org.hibernate.cfg.Environment            : HHH000021: Bytecode provider name : javassist
2014-10-02 14:17:18.917  INFO 4187 [main] --- o.hibernate.annotations.common.Version   : HCANN000001: Hibernate Commons Annotations {4.0.4.Final}
2014-10-02 14:17:18.960  INFO 4187 [main] --- org.hibernate.dialect.Dialect            : HHH000400: Using dialect: org.hibernate.dialect.H2Dialect
2014-10-02 14:17:19.110  INFO 4187 [main] --- o.h.h.i.ast.ASTQueryTranslatorFactory    : HHH000397: Using ASTQueryTranslatorFactory
2014-10-02 14:17:19.297  INFO 4187 [main] --- org.hibernate.tool.hbm2ddl.SchemaExport  : HHH000227: Running hbm2ddl schema export
2014-10-02 14:17:19.302  INFO 4187 [main] --- org.hibernate.tool.hbm2ddl.SchemaExport  : HHH000230: Schema export complete
2014-10-02 14:17:19.759  INFO 4187 [main] --- o.s.w.s.handler.SimpleUrlHandlerMapping  : Mapped URL path [/**/favicon.ico] onto handler of type [class org.springframework.web.servlet.resource.ResourceHttpRequestHandler]
2014-10-02 14:17:19.895  INFO 4187 [main] --- s.w.s.m.m.a.RequestMappingHandlerMapping : Mapped "{[/cars/{id}],methods=[GET],params=[],headers=[],consumes=[],produces=[],custom=[]}" onto public pl.zgora.jug.sprangu.Car pl.zgora.jug.sprangu.CarResource.find(java.lang.Long)
2014-10-02 14:17:19.895  INFO 4187 [main] --- s.w.s.m.m.a.RequestMappingHandlerMapping : Mapped "{[/cars/{id}],methods=[DELETE],params=[],headers=[],consumes=[],produces=[],custom=[]}" onto public void pl.zgora.jug.sprangu.CarResource.delete(java.lang.Long)
2014-10-02 14:17:19.895  INFO 4187 [main] --- s.w.s.m.m.a.RequestMappingHandlerMapping : Mapped "{[/cars],methods=[POST],params=[],headers=[],consumes=[],produces=[],custom=[]}" onto public java.lang.Long pl.zgora.jug.sprangu.CarResource.save(pl.zgora.jug.sprangu.Car)
2014-10-02 14:17:19.896  INFO 4187 [main] --- s.w.s.m.m.a.RequestMappingHandlerMapping : Mapped "{[/cars],methods=[GET],params=[],headers=[],consumes=[],produces=[],custom=[]}" onto public java.util.List<pl.zgora.jug.sprangu.Car> pl.zgora.jug.sprangu.CarResource.all(java.lang.String)
2014-10-02 14:17:19.898  INFO 4187 [main] --- s.w.s.m.m.a.RequestMappingHandlerMapping : Mapped "{[/error],methods=[],params=[],headers=[],consumes=[],produces=[text/html],custom=[]}" onto public org.springframework.web.servlet.ModelAndView org.springframework.boot.autoconfigure.web.BasicErrorController.errorHtml(javax.servlet.http.HttpServletRequest)
2014-10-02 14:17:19.898  INFO 4187 [main] --- s.w.s.m.m.a.RequestMappingHandlerMapping : Mapped "{[/error],methods=[],params=[],headers=[],consumes=[],produces=[],custom=[]}" onto public org.springframework.http.ResponseEntity<java.util.Map<java.lang.String, java.lang.Object>> org.springframework.boot.autoconfigure.web.BasicErrorController.error(javax.servlet.http.HttpServletRequest)
2014-10-02 14:17:19.904  INFO 4187 [main] --- o.s.w.s.c.a.WebMvcConfigurerAdapter      : Adding welcome page: file:/home/dawidm/dev/java/spring/workspace/spotkanie-2014-08-27-spring-boot-angular/target/classes/public/index.html
2014-10-02 14:17:19.907  INFO 4187 [main] --- o.s.w.s.handler.SimpleUrlHandlerMapping  : Root mapping to handler of type [class org.springframework.web.servlet.mvc.ParameterizableViewController]
2014-10-02 14:17:19.916  INFO 4187 [main] --- o.s.w.s.handler.SimpleUrlHandlerMapping  : Mapped URL path [/webjars/**] onto handler of type [class org.springframework.web.servlet.resource.ResourceHttpRequestHandler]
2014-10-02 14:17:19.917  INFO 4187 [main] --- o.s.w.s.handler.SimpleUrlHandlerMapping  : Mapped URL path [/**] onto handler of type [class org.springframework.web.servlet.resource.ResourceHttpRequestHandler]
2014-10-02 14:17:20.067  INFO 4187 [main] --- roperties$SimpleAuthenticationProperties : 

Using default password for shell access: 05d491fd-ff04-42a6-aab9-b4cf90613f50


2014-10-02 14:17:20.112  INFO 4187 [main] --- .CrshAutoConfiguration$CrshBootstrapBean : Configuring property ssh.port=2000 from properties
2014-10-02 14:17:20.112  INFO 4187 [main] --- .CrshAutoConfiguration$CrshBootstrapBean : Configuring property ssh.auth_timeout=600000 from properties
2014-10-02 14:17:20.112  INFO 4187 [main] --- .CrshAutoConfiguration$CrshBootstrapBean : Configuring property ssh.idle_timeout=600000 from properties
2014-10-02 14:17:20.113  INFO 4187 [main] --- .CrshAutoConfiguration$CrshBootstrapBean : Configuring property ssh.default_encoding=UTF-8 from properties
2014-10-02 14:17:20.113  INFO 4187 [main] --- .CrshAutoConfiguration$CrshBootstrapBean : Configuring property auth=simple from properties
2014-10-02 14:17:20.113  INFO 4187 [main] --- .CrshAutoConfiguration$CrshBootstrapBean : Configuring property auth.simple.username=user from properties
2014-10-02 14:17:20.113  INFO 4187 [main] --- .CrshAutoConfiguration$CrshBootstrapBean : Configuring property auth.simple.password=05d491fd-ff04-42a6-aab9-b4cf90613f50 from properties
2014-10-02 14:17:20.120  INFO 4187 [main] --- org.crsh.ssh.SSHPlugin                   : Booting SSHD
2014-10-02 14:17:20.237  INFO 4187 [main] --- o.apache.sshd.common.util.SecurityUtils  : Trying to register BouncyCastle as a JCE provider
2014-10-02 14:17:20.539  INFO 4187 [main] --- o.apache.sshd.common.util.SecurityUtils  : Registration succeeded
2014-10-02 14:17:20.592  INFO 4187 [main] --- org.crsh.ssh.term.SSHLifeCycle           : About to start CRaSSHD
2014-10-02 14:17:20.608  INFO 4187 [main] --- org.crsh.ssh.term.SSHLifeCycle           : CRaSSHD started on port 2000
2014-10-02 14:17:20.915  INFO 4187 [main] --- o.s.j.e.a.AnnotationMBeanExporter        : Registering beans for JMX exposure on startup
2014-10-02 14:17:20.945  INFO 4187 [main] --- o.s.b.a.e.jmx.EndpointMBeanExporter      : Registering beans for JMX exposure on startup
2014-10-02 14:17:20.999  INFO 4187 [main] --- o.s.b.a.e.mvc.EndpointHandlerMapping     : Mapped "{[/health],methods=[],params=[],headers=[],consumes=[],produces=[],custom=[]}" onto public java.lang.Object org.springframework.boot.actuate.endpoint.mvc.HealthMvcEndpoint.invoke()
2014-10-02 14:17:21.000  INFO 4187 [main] --- o.s.b.a.e.mvc.EndpointHandlerMapping     : Mapped "{[/mappings],methods=[GET],params=[],headers=[],consumes=[],produces=[],custom=[]}" onto public java.lang.Object org.springframework.boot.actuate.endpoint.mvc.EndpointMvcAdapter.invoke()
2014-10-02 14:17:21.000  INFO 4187 [main] --- o.s.b.a.e.mvc.EndpointHandlerMapping     : Mapped "{[/autoconfig],methods=[GET],params=[],headers=[],consumes=[],produces=[],custom=[]}" onto public java.lang.Object org.springframework.boot.actuate.endpoint.mvc.EndpointMvcAdapter.invoke()
2014-10-02 14:17:21.001  INFO 4187 [main] --- o.s.b.a.e.mvc.EndpointHandlerMapping     : Mapped "{[/info],methods=[GET],params=[],headers=[],consumes=[],produces=[],custom=[]}" onto public java.lang.Object org.springframework.boot.actuate.endpoint.mvc.EndpointMvcAdapter.invoke()
2014-10-02 14:17:21.001  INFO 4187 [main] --- o.s.b.a.e.mvc.EndpointHandlerMapping     : Mapped "{[/configprops],methods=[GET],params=[],headers=[],consumes=[],produces=[],custom=[]}" onto public java.lang.Object org.springframework.boot.actuate.endpoint.mvc.EndpointMvcAdapter.invoke()
2014-10-02 14:17:21.002  INFO 4187 [main] --- o.s.b.a.e.mvc.EndpointHandlerMapping     : Mapped "{[/env/{name:.*}],methods=[GET],params=[],headers=[],consumes=[],produces=[],custom=[]}" onto public java.lang.Object org.springframework.boot.actuate.endpoint.mvc.EnvironmentMvcEndpoint.value(java.lang.String)
2014-10-02 14:17:21.003  INFO 4187 [main] --- o.s.b.a.e.mvc.EndpointHandlerMapping     : Mapped "{[/env],methods=[GET],params=[],headers=[],consumes=[],produces=[],custom=[]}" onto public java.lang.Object org.springframework.boot.actuate.endpoint.mvc.EndpointMvcAdapter.invoke()
2014-10-02 14:17:21.003  INFO 4187 [main] --- o.s.b.a.e.mvc.EndpointHandlerMapping     : Mapped "{[/beans],methods=[GET],params=[],headers=[],consumes=[],produces=[],custom=[]}" onto public java.lang.Object org.springframework.boot.actuate.endpoint.mvc.EndpointMvcAdapter.invoke()
2014-10-02 14:17:21.003  INFO 4187 [main] --- o.s.b.a.e.mvc.EndpointHandlerMapping     : Mapped "{[/trace],methods=[GET],params=[],headers=[],consumes=[],produces=[],custom=[]}" onto public java.lang.Object org.springframework.boot.actuate.endpoint.mvc.EndpointMvcAdapter.invoke()
2014-10-02 14:17:21.004  INFO 4187 [main] --- o.s.b.a.e.mvc.EndpointHandlerMapping     : Mapped "{[/metrics/{name:.*}],methods=[GET],params=[],headers=[],consumes=[],produces=[],custom=[]}" onto public java.lang.Object org.springframework.boot.actuate.endpoint.mvc.MetricsMvcEndpoint.value(java.lang.String)
2014-10-02 14:17:21.004  INFO 4187 [main] --- o.s.b.a.e.mvc.EndpointHandlerMapping     : Mapped "{[/metrics],methods=[GET],params=[],headers=[],consumes=[],produces=[],custom=[]}" onto public java.lang.Object org.springframework.boot.actuate.endpoint.mvc.EndpointMvcAdapter.invoke()
2014-10-02 14:17:21.005  INFO 4187 [main] --- o.s.b.a.e.mvc.EndpointHandlerMapping     : Mapped "{[/dump],methods=[GET],params=[],headers=[],consumes=[],produces=[],custom=[]}" onto public java.lang.Object org.springframework.boot.actuate.endpoint.mvc.EndpointMvcAdapter.invoke()
2014-10-02 14:17:21.077  INFO 4187 [main] --- o.s.c.support.DefaultLifecycleProcessor  : Starting beans in phase 0
2014-10-02 14:17:21.080  INFO 4187 [main] --- o.s.b.a.e.jmx.EndpointMBeanExporter      : Located managed bean 'requestMappingEndpoint': registering with JMX server as MBean [org.springframework.boot:type=Endpoint,name=requestMappingEndpoint]
2014-10-02 14:17:21.109  INFO 4187 [main] --- o.s.b.a.e.jmx.EndpointMBeanExporter      : Located managed bean 'environmentEndpoint': registering with JMX server as MBean [org.springframework.boot:type=Endpoint,name=environmentEndpoint]
2014-10-02 14:17:21.117  INFO 4187 [main] --- o.s.b.a.e.jmx.EndpointMBeanExporter      : Located managed bean 'healthEndpoint': registering with JMX server as MBean [org.springframework.boot:type=Endpoint,name=healthEndpoint]
2014-10-02 14:17:21.122  INFO 4187 [main] --- o.s.b.a.e.jmx.EndpointMBeanExporter      : Located managed bean 'beansEndpoint': registering with JMX server as MBean [org.springframework.boot:type=Endpoint,name=beansEndpoint]
2014-10-02 14:17:21.127  INFO 4187 [main] --- o.s.b.a.e.jmx.EndpointMBeanExporter      : Located managed bean 'infoEndpoint': registering with JMX server as MBean [org.springframework.boot:type=Endpoint,name=infoEndpoint]
2014-10-02 14:17:21.133  INFO 4187 [main] --- o.s.b.a.e.jmx.EndpointMBeanExporter      : Located managed bean 'metricsEndpoint': registering with JMX server as MBean [org.springframework.boot:type=Endpoint,name=metricsEndpoint]
2014-10-02 14:17:21.139  INFO 4187 [main] --- o.s.b.a.e.jmx.EndpointMBeanExporter      : Located managed bean 'traceEndpoint': registering with JMX server as MBean [org.springframework.boot:type=Endpoint,name=traceEndpoint]
2014-10-02 14:17:21.144  INFO 4187 [main] --- o.s.b.a.e.jmx.EndpointMBeanExporter      : Located managed bean 'dumpEndpoint': registering with JMX server as MBean [org.springframework.boot:type=Endpoint,name=dumpEndpoint]
2014-10-02 14:17:21.152  INFO 4187 [main] --- o.s.b.a.e.jmx.EndpointMBeanExporter      : Located managed bean 'autoConfigurationAuditEndpoint': registering with JMX server as MBean [org.springframework.boot:type=Endpoint,name=autoConfigurationAuditEndpoint]
2014-10-02 14:17:21.156  INFO 4187 [main] --- o.s.b.a.e.jmx.EndpointMBeanExporter      : Located managed bean 'shutdownEndpoint': registering with JMX server as MBean [org.springframework.boot:type=Endpoint,name=shutdownEndpoint]
2014-10-02 14:17:21.165  INFO 4187 [main] --- o.s.b.a.e.jmx.EndpointMBeanExporter      : Located managed bean 'configurationPropertiesReportEndpoint': registering with JMX server as MBean [org.springframework.boot:type=Endpoint,name=configurationPropertiesReportEndpoint]
2014-10-02 14:17:21.211  INFO 4187 [main] --- s.b.c.e.t.TomcatEmbeddedServletContainer : Tomcat started on port(s): 8080/http
2014-10-02 14:17:21.213  INFO 4187 [main] --- pl.zgora.jug.sprangu.Application         : Started Application in 6.57 seconds (JVM running for 6.952)
2014-10-02 14:17:47.943  INFO 4187 [http-nio-8080-exec-1] --- o.a.c.c.C.[Tomcat].[localhost].[/]       : Initializing Spring FrameworkServlet 'dispatcherServlet'
2014-10-02 14:17:47.943  INFO 4187 [http-nio-8080-exec-1] --- o.s.web.servlet.DispatcherServlet        : FrameworkServlet 'dispatcherServlet': initialization started
2014-10-02 14:17:47.965  INFO 4187 [http-nio-8080-exec-1] --- o.s.web.servlet.DispatcherServlet        : FrameworkServlet 'dispatcherServlet': initialization completed in 22 ms
2014-10-23 21:39:15.388  INFO 18071 [main] --- pl.zgora.jug.sprangu.Application         : Starting Application on dawidm-Inspiron-7520 with PID 18071 (/home/dawidm/dev/java/spring/workspace/spotkanie-2014-10-29-spring-boot-backbone/target/classes started by dawidm in /home/dawidm/dev/java/spring/workspace/spotkanie-2014-10-29-spring-boot-backbone)
2014-10-23 21:39:15.570  INFO 18071 [main] --- ationConfigEmbeddedWebApplicationContext : Refreshing org.springframework.boot.context.embedded.AnnotationConfigEmbeddedWebApplicationContext@58134517: startup date [Thu Oct 23 21:39:15 CEST 2014]; root of context hierarchy
2014-10-23 21:39:16.050  INFO 18071 [main] --- o.s.b.f.s.DefaultListableBeanFactory     : Overriding bean definition for bean 'beanNameViewResolver': replacing [Root bean: class [null]; scope=; abstract=false; lazyInit=false; autowireMode=3; dependencyCheck=0; autowireCandidate=true; primary=false; factoryBeanName=org.springframework.boot.autoconfigure.web.ErrorMvcAutoConfiguration$WhitelabelErrorViewConfiguration; factoryMethodName=beanNameViewResolver; initMethodName=null; destroyMethodName=(inferred); defined in class path resource [org/springframework/boot/autoconfigure/web/ErrorMvcAutoConfiguration$WhitelabelErrorViewConfiguration.class]] with [Root bean: class [null]; scope=; abstract=false; lazyInit=false; autowireMode=3; dependencyCheck=0; autowireCandidate=true; primary=false; factoryBeanName=org.springframework.boot.autoconfigure.web.WebMvcAutoConfiguration$WebMvcAutoConfigurationAdapter; factoryMethodName=beanNameViewResolver; initMethodName=null; destroyMethodName=(inferred); defined in class path resource [org/springframework/boot/autoconfigure/web/WebMvcAutoConfiguration$WebMvcAutoConfigurationAdapter.class]]
2014-10-23 21:39:16.752  INFO 18071 [main] --- f.a.AutowiredAnnotationBeanPostProcessor : JSR-330 'javax.inject.Inject' annotation found and supported for autowiring
2014-10-23 21:39:16.898  INFO 18071 [main] --- trationDelegate$BeanPostProcessorChecker : Bean 'org.springframework.transaction.annotation.ProxyTransactionManagementConfiguration' of type [class org.springframework.transaction.annotation.ProxyTransactionManagementConfiguration$$EnhancerBySpringCGLIB$$151e8128] is not eligible for getting processed by all BeanPostProcessors (for example: not eligible for auto-proxying)
2014-10-23 21:39:16.917  INFO 18071 [main] --- trationDelegate$BeanPostProcessorChecker : Bean 'transactionAttributeSource' of type [class org.springframework.transaction.annotation.AnnotationTransactionAttributeSource] is not eligible for getting processed by all BeanPostProcessors (for example: not eligible for auto-proxying)
2014-10-23 21:39:16.924  INFO 18071 [main] --- trationDelegate$BeanPostProcessorChecker : Bean 'transactionInterceptor' of type [class org.springframework.transaction.interceptor.TransactionInterceptor] is not eligible for getting processed by all BeanPostProcessors (for example: not eligible for auto-proxying)
2014-10-23 21:39:16.928  INFO 18071 [main] --- trationDelegate$BeanPostProcessorChecker : Bean 'org.springframework.transaction.config.internalTransactionAdvisor' of type [class org.springframework.transaction.interceptor.BeanFactoryTransactionAttributeSourceAdvisor] is not eligible for getting processed by all BeanPostProcessors (for example: not eligible for auto-proxying)
2014-10-23 21:39:17.200  INFO 18071 [main] --- .t.TomcatEmbeddedServletContainerFactory : Server initialized with port: 8080
2014-10-23 21:39:17.502  INFO 18071 [main] --- o.apache.catalina.core.StandardService   : Starting service Tomcat
2014-10-23 21:39:17.504  INFO 18071 [main] --- org.apache.catalina.core.StandardEngine  : Starting Servlet Engine: Apache Tomcat/7.0.54
2014-10-23 21:39:17.611  INFO 18071 [localhost-startStop-1] --- o.a.c.c.C.[Tomcat].[localhost].[/]       : Initializing Spring embedded WebApplicationContext
2014-10-23 21:39:17.612  INFO 18071 [localhost-startStop-1] --- o.s.web.context.ContextLoader            : Root WebApplicationContext: initialization completed in 2044 ms
2014-10-23 21:39:18.153  INFO 18071 [localhost-startStop-1] --- o.s.b.c.e.ServletRegistrationBean        : Mapping servlet: 'dispatcherServlet' to [/]
2014-10-23 21:39:18.233  INFO 18071 [localhost-startStop-1] --- o.s.b.c.embedded.FilterRegistrationBean  : Mapping filter: 'metricFilter' to: [/*]
2014-10-23 21:39:18.233  INFO 18071 [localhost-startStop-1] --- o.s.b.c.embedded.FilterRegistrationBean  : Mapping filter: 'hiddenHttpMethodFilter' to: [/*]
2014-10-23 21:39:18.233  INFO 18071 [localhost-startStop-1] --- o.s.b.c.embedded.FilterRegistrationBean  : Mapping filter: 'applicationContextIdFilter' to: [/*]
2014-10-23 21:39:18.233  INFO 18071 [localhost-startStop-1] --- o.s.b.c.embedded.FilterRegistrationBean  : Mapping filter: 'webRequestLoggingFilter' to: [/*]
2014-10-23 21:39:18.803  INFO 18071 [main] --- j.LocalContainerEntityManagerFactoryBean : Building JPA container EntityManagerFactory for persistence unit 'default'
2014-10-23 21:39:18.811  INFO 18071 [main] --- o.hibernate.jpa.internal.util.LogHelper  : HHH000204: Processing PersistenceUnitInfo [
	name: default
	...]
2014-10-23 21:39:18.869  INFO 18071 [main] --- org.hibernate.Version                    : HHH000412: Hibernate Core {4.3.5.Final}
2014-10-23 21:39:18.871  INFO 18071 [main] --- org.hibernate.cfg.Environment            : HHH000206: hibernate.properties not found
2014-10-23 21:39:18.872  INFO 18071 [main] --- org.hibernate.cfg.Environment            : HHH000021: Bytecode provider name : javassist
2014-10-23 21:39:19.017  INFO 18071 [main] --- o.hibernate.annotations.common.Version   : HCANN000001: Hibernate Commons Annotations {4.0.4.Final}
2014-10-23 21:39:19.069  INFO 18071 [main] --- org.hibernate.dialect.Dialect            : HHH000400: Using dialect: org.hibernate.dialect.H2Dialect
2014-10-23 21:39:19.260  INFO 18071 [main] --- o.h.h.i.ast.ASTQueryTranslatorFactory    : HHH000397: Using ASTQueryTranslatorFactory
2014-10-23 21:39:19.448  INFO 18071 [main] --- org.hibernate.tool.hbm2ddl.SchemaExport  : HHH000227: Running hbm2ddl schema export
2014-10-23 21:39:19.453  INFO 18071 [main] --- org.hibernate.tool.hbm2ddl.SchemaExport  : HHH000230: Schema export complete
2014-10-23 21:39:19.919  INFO 18071 [main] --- o.s.w.s.handler.SimpleUrlHandlerMapping  : Mapped URL path [/**/favicon.ico] onto handler of type [class org.springframework.web.servlet.resource.ResourceHttpRequestHandler]
2014-10-23 21:39:20.049  INFO 18071 [main] --- s.w.s.m.m.a.RequestMappingHandlerMapping : Mapped "{[/cars/{id}],methods=[GET],params=[],headers=[],consumes=[],produces=[],custom=[]}" onto public pl.zgora.jug.sprangu.Car pl.zgora.jug.sprangu.CarResource.find(java.lang.Long)
2014-10-23 21:39:20.050  INFO 18071 [main] --- s.w.s.m.m.a.RequestMappingHandlerMapping : Mapped "{[/cars/{id}],methods=[DELETE],params=[],headers=[],consumes=[],produces=[],custom=[]}" onto public void pl.zgora.jug.sprangu.CarResource.delete(java.lang.Long)
2014-10-23 21:39:20.050  INFO 18071 [main] --- s.w.s.m.m.a.RequestMappingHandlerMapping : Mapped "{[/cars],methods=[POST],params=[],headers=[],consumes=[],produces=[],custom=[]}" onto public java.lang.Long pl.zgora.jug.sprangu.CarResource.save(pl.zgora.jug.sprangu.Car)
2014-10-23 21:39:20.050  INFO 18071 [main] --- s.w.s.m.m.a.RequestMappingHandlerMapping : Mapped "{[/cars],methods=[GET],params=[],headers=[],consumes=[],produces=[],custom=[]}" onto public java.util.List<pl.zgora.jug.sprangu.Car> pl.zgora.jug.sprangu.CarResource.all(java.lang.String)
2014-10-23 21:39:20.052  INFO 18071 [main] --- s.w.s.m.m.a.RequestMappingHandlerMapping : Mapped "{[/error],methods=[],params=[],headers=[],consumes=[],produces=[text/html],custom=[]}" onto public org.springframework.web.servlet.ModelAndView org.springframework.boot.autoconfigure.web.BasicErrorController.errorHtml(javax.servlet.http.HttpServletRequest)
2014-10-23 21:39:20.052  INFO 18071 [main] --- s.w.s.m.m.a.RequestMappingHandlerMapping : Mapped "{[/error],methods=[],params=[],headers=[],consumes=[],produces=[],custom=[]}" onto public org.springframework.http.ResponseEntity<java.util.Map<java.lang.String, java.lang.Object>> org.springframework.boot.autoconfigure.web.BasicErrorController.error(javax.servlet.http.HttpServletRequest)
2014-10-23 21:39:20.057  INFO 18071 [main] --- o.s.w.s.c.a.WebMvcConfigurerAdapter      : Adding welcome page: file:/home/dawidm/dev/java/spring/workspace/spotkanie-2014-10-29-spring-boot-backbone/target/classes/public/index.html
2014-10-23 21:39:20.062  INFO 18071 [main] --- o.s.w.s.handler.SimpleUrlHandlerMapping  : Root mapping to handler of type [class org.springframework.web.servlet.mvc.ParameterizableViewController]
2014-10-23 21:39:20.075  INFO 18071 [main] --- o.s.w.s.handler.SimpleUrlHandlerMapping  : Mapped URL path [/webjars/**] onto handler of type [class org.springframework.web.servlet.resource.ResourceHttpRequestHandler]
2014-10-23 21:39:20.075  INFO 18071 [main] --- o.s.w.s.handler.SimpleUrlHandlerMapping  : Mapped URL path [/**] onto handler of type [class org.springframework.web.servlet.resource.ResourceHttpRequestHandler]
2014-10-23 21:39:20.220  INFO 18071 [main] --- roperties$SimpleAuthenticationProperties : 

Using default password for shell access: 4fdbcdd2-7f6a-42d7-a58d-d3403d60cd56


2014-10-23 21:39:20.267  INFO 18071 [main] --- .CrshAutoConfiguration$CrshBootstrapBean : Configuring property ssh.port=2000 from properties
2014-10-23 21:39:20.268  INFO 18071 [main] --- .CrshAutoConfiguration$CrshBootstrapBean : Configuring property ssh.auth_timeout=600000 from properties
2014-10-23 21:39:20.268  INFO 18071 [main] --- .CrshAutoConfiguration$CrshBootstrapBean : Configuring property ssh.idle_timeout=600000 from properties
2014-10-23 21:39:20.268  INFO 18071 [main] --- .CrshAutoConfiguration$CrshBootstrapBean : Configuring property ssh.default_encoding=UTF-8 from properties
2014-10-23 21:39:20.268  INFO 18071 [main] --- .CrshAutoConfiguration$CrshBootstrapBean : Configuring property auth=simple from properties
2014-10-23 21:39:20.269  INFO 18071 [main] --- .CrshAutoConfiguration$CrshBootstrapBean : Configuring property auth.simple.username=user from properties
2014-10-23 21:39:20.269  INFO 18071 [main] --- .CrshAutoConfiguration$CrshBootstrapBean : Configuring property auth.simple.password=4fdbcdd2-7f6a-42d7-a58d-d3403d60cd56 from properties
2014-10-23 21:39:20.279  INFO 18071 [main] --- org.crsh.ssh.SSHPlugin                   : Booting SSHD
2014-10-23 21:39:20.449  INFO 18071 [main] --- o.apache.sshd.common.util.SecurityUtils  : Trying to register BouncyCastle as a JCE provider
2014-10-23 21:39:20.873  INFO 18071 [main] --- o.apache.sshd.common.util.SecurityUtils  : Registration succeeded
2014-10-23 21:39:20.932  INFO 18071 [main] --- org.crsh.ssh.term.SSHLifeCycle           : About to start CRaSSHD
2014-10-23 21:39:20.948  INFO 18071 [main] --- org.crsh.ssh.term.SSHLifeCycle           : CRaSSHD started on port 2000
2014-10-23 21:39:21.272  INFO 18071 [main] --- o.s.j.e.a.AnnotationMBeanExporter        : Registering beans for JMX exposure on startup
2014-10-23 21:39:21.301  INFO 18071 [main] --- o.s.b.a.e.jmx.EndpointMBeanExporter      : Registering beans for JMX exposure on startup
2014-10-23 21:39:21.352  INFO 18071 [main] --- o.s.b.a.e.mvc.EndpointHandlerMapping     : Mapped "{[/health],methods=[],params=[],headers=[],consumes=[],produces=[],custom=[]}" onto public java.lang.Object org.springframework.boot.actuate.endpoint.mvc.HealthMvcEndpoint.invoke()
2014-10-23 21:39:21.353  INFO 18071 [main] --- o.s.b.a.e.mvc.EndpointHandlerMapping     : Mapped "{[/mappings],methods=[GET],params=[],headers=[],consumes=[],produces=[],custom=[]}" onto public java.lang.Object org.springframework.boot.actuate.endpoint.mvc.EndpointMvcAdapter.invoke()
2014-10-23 21:39:21.353  INFO 18071 [main] --- o.s.b.a.e.mvc.EndpointHandlerMapping     : Mapped "{[/autoconfig],methods=[GET],params=[],headers=[],consumes=[],produces=[],custom=[]}" onto public java.lang.Object org.springframework.boot.actuate.endpoint.mvc.EndpointMvcAdapter.invoke()
2014-10-23 21:39:21.354  INFO 18071 [main] --- o.s.b.a.e.mvc.EndpointHandlerMapping     : Mapped "{[/info],methods=[GET],params=[],headers=[],consumes=[],produces=[],custom=[]}" onto public java.lang.Object org.springframework.boot.actuate.endpoint.mvc.EndpointMvcAdapter.invoke()
2014-10-23 21:39:21.354  INFO 18071 [main] --- o.s.b.a.e.mvc.EndpointHandlerMapping     : Mapped "{[/configprops],methods=[GET],params=[],headers=[],consumes=[],produces=[],custom=[]}" onto public java.lang.Object org.springframework.boot.actuate.endpoint.mvc.EndpointMvcAdapter.invoke()
2014-10-23 21:39:21.355  INFO 18071 [main] --- o.s.b.a.e.mvc.EndpointHandlerMapping     : Mapped "{[/env/{name:.*}],methods=[GET],params=[],headers=[],consumes=[],produces=[],custom=[]}" onto public java.lang.Object org.springframework.boot.actuate.endpoint.mvc.EnvironmentMvcEndpoint.value(java.lang.String)
2014-10-23 21:39:21.355  INFO 18071 [main] --- o.s.b.a.e.mvc.EndpointHandlerMapping     : Mapped "{[/env],methods=[GET],params=[],headers=[],consumes=[],produces=[],custom=[]}" onto public java.lang.Object org.springframework.boot.actuate.endpoint.mvc.EndpointMvcAdapter.invoke()
2014-10-23 21:39:21.355  INFO 18071 [main] --- o.s.b.a.e.mvc.EndpointHandlerMapping     : Mapped "{[/beans],methods=[GET],params=[],headers=[],consumes=[],produces=[],custom=[]}" onto public java.lang.Object org.springframework.boot.actuate.endpoint.mvc.EndpointMvcAdapter.invoke()
2014-10-23 21:39:21.356  INFO 18071 [main] --- o.s.b.a.e.mvc.EndpointHandlerMapping     : Mapped "{[/trace],methods=[GET],params=[],headers=[],consumes=[],produces=[],custom=[]}" onto public java.lang.Object org.springframework.boot.actuate.endpoint.mvc.EndpointMvcAdapter.invoke()
2014-10-23 21:39:21.356  INFO 18071 [main] --- o.s.b.a.e.mvc.EndpointHandlerMapping     : Mapped "{[/metrics/{name:.*}],methods=[GET],params=[],headers=[],consumes=[],produces=[],custom=[]}" onto public java.lang.Object org.springframework.boot.actuate.endpoint.mvc.MetricsMvcEndpoint.value(java.lang.String)
2014-10-23 21:39:21.357  INFO 18071 [main] --- o.s.b.a.e.mvc.EndpointHandlerMapping     : Mapped "{[/metrics],methods=[GET],params=[],headers=[],consumes=[],produces=[],custom=[]}" onto public java.lang.Object org.springframework.boot.actuate.endpoint.mvc.EndpointMvcAdapter.invoke()
2014-10-23 21:39:21.357  INFO 18071 [main] --- o.s.b.a.e.mvc.EndpointHandlerMapping     : Mapped "{[/dump],methods=[GET],params=[],headers=[],consumes=[],produces=[],custom=[]}" onto public java.lang.Object org.springframework.boot.actuate.endpoint.mvc.EndpointMvcAdapter.invoke()
2014-10-23 21:39:21.406  INFO 18071 [main] --- o.s.c.support.DefaultLifecycleProcessor  : Starting beans in phase 0
2014-10-23 21:39:21.409  INFO 18071 [main] --- o.s.b.a.e.jmx.EndpointMBeanExporter      : Located managed bean 'requestMappingEndpoint': registering with JMX server as MBean [org.springframework.boot:type=Endpoint,name=requestMappingEndpoint]
2014-10-23 21:39:21.432  INFO 18071 [main] --- o.s.b.a.e.jmx.EndpointMBeanExporter      : Located managed bean 'environmentEndpoint': registering with JMX server as MBean [org.springframework.boot:type=Endpoint,name=environmentEndpoint]
2014-10-23 21:39:21.442  INFO 18071 [main] --- o.s.b.a.e.jmx.EndpointMBeanExporter      : Located managed bean 'healthEndpoint': registering with JMX server as MBean [org.springframework.boot:type=Endpoint,name=healthEndpoint]
2014-10-23 21:39:21.448  INFO 18071 [main] --- o.s.b.a.e.jmx.EndpointMBeanExporter      : Located managed bean 'beansEndpoint': registering with JMX server as MBean [org.springframework.boot:type=Endpoint,name=beansEndpoint]
2014-10-23 21:39:21.456  INFO 18071 [main] --- o.s.b.a.e.jmx.EndpointMBeanExporter      : Located managed bean 'infoEndpoint': registering with JMX server as MBean [org.springframework.boot:type=Endpoint,name=infoEndpoint]
2014-10-23 21:39:21.463  INFO 18071 [main] --- o.s.b.a.e.jmx.EndpointMBeanExporter      : Located managed bean 'metricsEndpoint': registering with JMX server as MBean [org.springframework.boot:type=Endpoint,name=metricsEndpoint]
2014-10-23 21:39:21.470  INFO 18071 [main] --- o.s.b.a.e.jmx.EndpointMBeanExporter      : Located managed bean 'traceEndpoint': registering with JMX server as MBean [org.springframework.boot:type=Endpoint,name=traceEndpoint]
2014-10-23 21:39:21.476  INFO 18071 [main] --- o.s.b.a.e.jmx.EndpointMBeanExporter      : Located managed bean 'dumpEndpoint': registering with JMX server as MBean [org.springframework.boot:type=Endpoint,name=dumpEndpoint]
2014-10-23 21:39:21.487  INFO 18071 [main] --- o.s.b.a.e.jmx.EndpointMBeanExporter      : Located managed bean 'autoConfigurationAuditEndpoint': registering with JMX server as MBean [org.springframework.boot:type=Endpoint,name=autoConfigurationAuditEndpoint]
2014-10-23 21:39:21.492  INFO 18071 [main] --- o.s.b.a.e.jmx.EndpointMBeanExporter      : Located managed bean 'shutdownEndpoint': registering with JMX server as MBean [org.springframework.boot:type=Endpoint,name=shutdownEndpoint]
2014-10-23 21:39:21.503  INFO 18071 [main] --- o.s.b.a.e.jmx.EndpointMBeanExporter      : Located managed bean 'configurationPropertiesReportEndpoint': registering with JMX server as MBean [org.springframework.boot:type=Endpoint,name=configurationPropertiesReportEndpoint]
2014-10-23 21:39:21.542  INFO 18071 [main] --- s.b.c.e.t.TomcatEmbeddedServletContainer : Tomcat started on port(s): 8080/http
2014-10-23 21:39:21.543  INFO 18071 [main] --- pl.zgora.jug.sprangu.Application         : Started Application in 6.561 seconds (JVM running for 6.915)
2014-10-23 21:40:26.693  INFO 18071 [http-nio-8080-exec-1] --- o.a.c.c.C.[Tomcat].[localhost].[/]       : Initializing Spring FrameworkServlet 'dispatcherServlet'
2014-10-23 21:40:26.693  INFO 18071 [http-nio-8080-exec-1] --- o.s.web.servlet.DispatcherServlet        : FrameworkServlet 'dispatcherServlet': initialization started
2014-10-23 21:40:26.718  INFO 18071 [http-nio-8080-exec-1] --- o.s.web.servlet.DispatcherServlet        : FrameworkServlet 'dispatcherServlet': initialization completed in 25 ms
2014-10-23 22:04:48.478  INFO 18071 [Thread-1] --- ationConfigEmbeddedWebApplicationContext : Closing org.springframework.boot.context.embedded.AnnotationConfigEmbeddedWebApplicationContext@58134517: startup date [Thu Oct 23 21:39:15 CEST 2014]; root of context hierarchy
2014-10-23 22:04:48.480  INFO 18071 [Thread-1] --- o.s.c.support.DefaultLifecycleProcessor  : Stopping beans in phase 0
2014-10-23 22:04:48.483  INFO 18071 [Thread-1] --- o.s.b.a.e.jmx.EndpointMBeanExporter      : Unregistering JMX-exposed beans on shutdown
2014-10-23 22:04:48.484  INFO 18071 [Thread-1] --- o.s.j.e.a.AnnotationMBeanExporter        : Unregistering JMX-exposed beans on shutdown
2014-10-23 22:04:48.502  INFO 18071 [Thread-1] --- j.LocalContainerEntityManagerFactoryBean : Closing JPA EntityManagerFactory for persistence unit 'default'
2014-10-23 22:04:48.503  INFO 18071 [Thread-1] --- org.hibernate.tool.hbm2ddl.SchemaExport  : HHH000227: Running hbm2ddl schema export
2014-10-23 22:04:48.505  INFO 18071 [Thread-1] --- org.hibernate.tool.hbm2ddl.SchemaExport  : HHH000230: Schema export complete
2014-10-24 13:42:39.380  INFO 20466 [main] --- pl.zgora.jug.sprangu.Application         : Starting Application on dawidm-Inspiron-7520 with PID 20466 (/home/dawidm/dev/java/spring/workspace/spotkanie-2014-10-29-spring-boot-backbone/target/classes started by dawidm in /home/dawidm/dev/java/spring/workspace/spotkanie-2014-10-29-spring-boot-backbone)
2014-10-24 13:42:39.786  INFO 20466 [main] --- ationConfigEmbeddedWebApplicationContext : Refreshing org.springframework.boot.context.embedded.AnnotationConfigEmbeddedWebApplicationContext@58134517: startup date [Fri Oct 24 13:42:39 CEST 2014]; root of context hierarchy
2014-10-24 13:42:40.799  INFO 20466 [main] --- o.s.b.f.s.DefaultListableBeanFactory     : Overriding bean definition for bean 'beanNameViewResolver': replacing [Root bean: class [null]; scope=; abstract=false; lazyInit=false; autowireMode=3; dependencyCheck=0; autowireCandidate=true; primary=false; factoryBeanName=org.springframework.boot.autoconfigure.web.ErrorMvcAutoConfiguration$WhitelabelErrorViewConfiguration; factoryMethodName=beanNameViewResolver; initMethodName=null; destroyMethodName=(inferred); defined in class path resource [org/springframework/boot/autoconfigure/web/ErrorMvcAutoConfiguration$WhitelabelErrorViewConfiguration.class]] with [Root bean: class [null]; scope=; abstract=false; lazyInit=false; autowireMode=3; dependencyCheck=0; autowireCandidate=true; primary=false; factoryBeanName=org.springframework.boot.autoconfigure.web.WebMvcAutoConfiguration$WebMvcAutoConfigurationAdapter; factoryMethodName=beanNameViewResolver; initMethodName=null; destroyMethodName=(inferred); defined in class path resource [org/springframework/boot/autoconfigure/web/WebMvcAutoConfiguration$WebMvcAutoConfigurationAdapter.class]]
2014-10-24 13:42:41.456  INFO 20466 [main] --- f.a.AutowiredAnnotationBeanPostProcessor : JSR-330 'javax.inject.Inject' annotation found and supported for autowiring
2014-10-24 13:42:41.659  INFO 20466 [main] --- trationDelegate$BeanPostProcessorChecker : Bean 'org.springframework.transaction.annotation.ProxyTransactionManagementConfiguration' of type [class org.springframework.transaction.annotation.ProxyTransactionManagementConfiguration$$EnhancerBySpringCGLIB$$151e8128] is not eligible for getting processed by all BeanPostProcessors (for example: not eligible for auto-proxying)
2014-10-24 13:42:41.677  INFO 20466 [main] --- trationDelegate$BeanPostProcessorChecker : Bean 'transactionAttributeSource' of type [class org.springframework.transaction.annotation.AnnotationTransactionAttributeSource] is not eligible for getting processed by all BeanPostProcessors (for example: not eligible for auto-proxying)
2014-10-24 13:42:41.685  INFO 20466 [main] --- trationDelegate$BeanPostProcessorChecker : Bean 'transactionInterceptor' of type [class org.springframework.transaction.interceptor.TransactionInterceptor] is not eligible for getting processed by all BeanPostProcessors (for example: not eligible for auto-proxying)
2014-10-24 13:42:41.689  INFO 20466 [main] --- trationDelegate$BeanPostProcessorChecker : Bean 'org.springframework.transaction.config.internalTransactionAdvisor' of type [class org.springframework.transaction.interceptor.BeanFactoryTransactionAttributeSourceAdvisor] is not eligible for getting processed by all BeanPostProcessors (for example: not eligible for auto-proxying)
2014-10-24 13:42:42.307  INFO 20466 [main] --- .t.TomcatEmbeddedServletContainerFactory : Server initialized with port: 8080
2014-10-24 13:42:42.620  INFO 20466 [main] --- o.apache.catalina.core.StandardService   : Starting service Tomcat
2014-10-24 13:42:42.621  INFO 20466 [main] --- org.apache.catalina.core.StandardEngine  : Starting Servlet Engine: Apache Tomcat/7.0.54
2014-10-24 13:42:42.726  INFO 20466 [localhost-startStop-1] --- o.a.c.c.C.[Tomcat].[localhost].[/]       : Initializing Spring embedded WebApplicationContext
2014-10-24 13:42:42.726  INFO 20466 [localhost-startStop-1] --- o.s.web.context.ContextLoader            : Root WebApplicationContext: initialization completed in 2943 ms
2014-10-24 13:42:43.505  INFO 20466 [localhost-startStop-1] --- o.s.b.c.e.ServletRegistrationBean        : Mapping servlet: 'dispatcherServlet' to [/]
2014-10-24 13:42:43.508  INFO 20466 [localhost-startStop-1] --- o.s.b.c.embedded.FilterRegistrationBean  : Mapping filter: 'metricFilter' to: [/*]
2014-10-24 13:42:43.508  INFO 20466 [localhost-startStop-1] --- o.s.b.c.embedded.FilterRegistrationBean  : Mapping filter: 'hiddenHttpMethodFilter' to: [/*]
2014-10-24 13:42:43.508  INFO 20466 [localhost-startStop-1] --- o.s.b.c.embedded.FilterRegistrationBean  : Mapping filter: 'applicationContextIdFilter' to: [/*]
2014-10-24 13:42:43.509  INFO 20466 [localhost-startStop-1] --- o.s.b.c.embedded.FilterRegistrationBean  : Mapping filter: 'webRequestLoggingFilter' to: [/*]
2014-10-24 13:42:44.343  INFO 20466 [main] --- j.LocalContainerEntityManagerFactoryBean : Building JPA container EntityManagerFactory for persistence unit 'default'
2014-10-24 13:42:44.396  INFO 20466 [main] --- o.hibernate.jpa.internal.util.LogHelper  : HHH000204: Processing PersistenceUnitInfo [
	name: default
	...]
2014-10-24 13:42:44.533  INFO 20466 [main] --- org.hibernate.Version                    : HHH000412: Hibernate Core {4.3.5.Final}
2014-10-24 13:42:44.535  INFO 20466 [main] --- org.hibernate.cfg.Environment            : HHH000206: hibernate.properties not found
2014-10-24 13:42:44.538  INFO 20466 [main] --- org.hibernate.cfg.Environment            : HHH000021: Bytecode provider name : javassist
2014-10-24 13:42:44.734  INFO 20466 [main] --- o.hibernate.annotations.common.Version   : HCANN000001: Hibernate Commons Annotations {4.0.4.Final}
2014-10-24 13:42:44.781  INFO 20466 [main] --- org.hibernate.dialect.Dialect            : HHH000400: Using dialect: org.hibernate.dialect.H2Dialect
2014-10-24 13:42:44.944  INFO 20466 [main] --- o.h.h.i.ast.ASTQueryTranslatorFactory    : HHH000397: Using ASTQueryTranslatorFactory
2014-10-24 13:42:45.177  INFO 20466 [main] --- org.hibernate.tool.hbm2ddl.SchemaExport  : HHH000227: Running hbm2ddl schema export
2014-10-24 13:42:45.182  INFO 20466 [main] --- org.hibernate.tool.hbm2ddl.SchemaExport  : HHH000230: Schema export complete
2014-10-24 13:42:45.680  INFO 20466 [main] --- o.s.w.s.handler.SimpleUrlHandlerMapping  : Mapped URL path [/**/favicon.ico] onto handler of type [class org.springframework.web.servlet.resource.ResourceHttpRequestHandler]
2014-10-24 13:42:45.901  INFO 20466 [main] --- s.w.s.m.m.a.RequestMappingHandlerMapping : Mapped "{[/cars/{id}],methods=[GET],params=[],headers=[],consumes=[],produces=[],custom=[]}" onto public pl.zgora.jug.sprangu.Car pl.zgora.jug.sprangu.CarResource.find(java.lang.Long)
2014-10-24 13:42:45.902  INFO 20466 [main] --- s.w.s.m.m.a.RequestMappingHandlerMapping : Mapped "{[/cars/{id}],methods=[DELETE],params=[],headers=[],consumes=[],produces=[],custom=[]}" onto public void pl.zgora.jug.sprangu.CarResource.delete(java.lang.Long)
2014-10-24 13:42:45.902  INFO 20466 [main] --- s.w.s.m.m.a.RequestMappingHandlerMapping : Mapped "{[/cars],methods=[POST],params=[],headers=[],consumes=[],produces=[],custom=[]}" onto public java.lang.Long pl.zgora.jug.sprangu.CarResource.save(pl.zgora.jug.sprangu.Car)
2014-10-24 13:42:45.902  INFO 20466 [main] --- s.w.s.m.m.a.RequestMappingHandlerMapping : Mapped "{[/cars],methods=[GET],params=[],headers=[],consumes=[],produces=[],custom=[]}" onto public java.util.List<pl.zgora.jug.sprangu.Car> pl.zgora.jug.sprangu.CarResource.all(java.lang.String)
2014-10-24 13:42:45.904  INFO 20466 [main] --- s.w.s.m.m.a.RequestMappingHandlerMapping : Mapped "{[/error],methods=[],params=[],headers=[],consumes=[],produces=[text/html],custom=[]}" onto public org.springframework.web.servlet.ModelAndView org.springframework.boot.autoconfigure.web.BasicErrorController.errorHtml(javax.servlet.http.HttpServletRequest)
2014-10-24 13:42:45.904  INFO 20466 [main] --- s.w.s.m.m.a.RequestMappingHandlerMapping : Mapped "{[/error],methods=[],params=[],headers=[],consumes=[],produces=[],custom=[]}" onto public org.springframework.http.ResponseEntity<java.util.Map<java.lang.String, java.lang.Object>> org.springframework.boot.autoconfigure.web.BasicErrorController.error(javax.servlet.http.HttpServletRequest)
2014-10-24 13:42:45.908  INFO 20466 [main] --- o.s.w.s.c.a.WebMvcConfigurerAdapter      : Adding welcome page: file:/home/dawidm/dev/java/spring/workspace/spotkanie-2014-10-29-spring-boot-backbone/target/classes/public/index.html
2014-10-24 13:42:45.910  INFO 20466 [main] --- o.s.w.s.handler.SimpleUrlHandlerMapping  : Root mapping to handler of type [class org.springframework.web.servlet.mvc.ParameterizableViewController]
2014-10-24 13:42:45.917  INFO 20466 [main] --- o.s.w.s.handler.SimpleUrlHandlerMapping  : Mapped URL path [/webjars/**] onto handler of type [class org.springframework.web.servlet.resource.ResourceHttpRequestHandler]
2014-10-24 13:42:45.917  INFO 20466 [main] --- o.s.w.s.handler.SimpleUrlHandlerMapping  : Mapped URL path [/**] onto handler of type [class org.springframework.web.servlet.resource.ResourceHttpRequestHandler]
2014-10-24 13:42:46.095  INFO 20466 [main] --- roperties$SimpleAuthenticationProperties : 

Using default password for shell access: cc8a80b9-0563-49a9-9f39-52696cd73ce7


2014-10-24 13:42:46.193  INFO 20466 [main] --- .CrshAutoConfiguration$CrshBootstrapBean : Configuring property ssh.port=2000 from properties
2014-10-24 13:42:46.193  INFO 20466 [main] --- .CrshAutoConfiguration$CrshBootstrapBean : Configuring property ssh.auth_timeout=600000 from properties
2014-10-24 13:42:46.194  INFO 20466 [main] --- .CrshAutoConfiguration$CrshBootstrapBean : Configuring property ssh.idle_timeout=600000 from properties
2014-10-24 13:42:46.194  INFO 20466 [main] --- .CrshAutoConfiguration$CrshBootstrapBean : Configuring property ssh.default_encoding=UTF-8 from properties
2014-10-24 13:42:46.194  INFO 20466 [main] --- .CrshAutoConfiguration$CrshBootstrapBean : Configuring property auth=simple from properties
2014-10-24 13:42:46.194  INFO 20466 [main] --- .CrshAutoConfiguration$CrshBootstrapBean : Configuring property auth.simple.username=user from properties
2014-10-24 13:42:46.194  INFO 20466 [main] --- .CrshAutoConfiguration$CrshBootstrapBean : Configuring property auth.simple.password=cc8a80b9-0563-49a9-9f39-52696cd73ce7 from properties
2014-10-24 13:42:46.232  INFO 20466 [main] --- org.crsh.ssh.SSHPlugin                   : Booting SSHD
2014-10-24 13:42:46.500  INFO 20466 [main] --- o.apache.sshd.common.util.SecurityUtils  : Trying to register BouncyCastle as a JCE provider
2014-10-24 13:42:46.883  INFO 20466 [main] --- o.apache.sshd.common.util.SecurityUtils  : Registration succeeded
2014-10-24 13:42:46.938  INFO 20466 [main] --- org.crsh.ssh.term.SSHLifeCycle           : About to start CRaSSHD
2014-10-24 13:42:46.952  INFO 20466 [main] --- org.crsh.ssh.term.SSHLifeCycle           : CRaSSHD started on port 2000
2014-10-24 13:42:47.299  INFO 20466 [main] --- o.s.j.e.a.AnnotationMBeanExporter        : Registering beans for JMX exposure on startup
2014-10-24 13:42:47.332  INFO 20466 [main] --- o.s.b.a.e.jmx.EndpointMBeanExporter      : Registering beans for JMX exposure on startup
2014-10-24 13:42:47.397  INFO 20466 [main] --- o.s.b.a.e.mvc.EndpointHandlerMapping     : Mapped "{[/health],methods=[],params=[],headers=[],consumes=[],produces=[],custom=[]}" onto public java.lang.Object org.springframework.boot.actuate.endpoint.mvc.HealthMvcEndpoint.invoke()
2014-10-24 13:42:47.398  INFO 20466 [main] --- o.s.b.a.e.mvc.EndpointHandlerMapping     : Mapped "{[/mappings],methods=[GET],params=[],headers=[],consumes=[],produces=[],custom=[]}" onto public java.lang.Object org.springframework.boot.actuate.endpoint.mvc.EndpointMvcAdapter.invoke()
2014-10-24 13:42:47.399  INFO 20466 [main] --- o.s.b.a.e.mvc.EndpointHandlerMapping     : Mapped "{[/autoconfig],methods=[GET],params=[],headers=[],consumes=[],produces=[],custom=[]}" onto public java.lang.Object org.springframework.boot.actuate.endpoint.mvc.EndpointMvcAdapter.invoke()
2014-10-24 13:42:47.399  INFO 20466 [main] --- o.s.b.a.e.mvc.EndpointHandlerMapping     : Mapped "{[/info],methods=[GET],params=[],headers=[],consumes=[],produces=[],custom=[]}" onto public java.lang.Object org.springframework.boot.actuate.endpoint.mvc.EndpointMvcAdapter.invoke()
2014-10-24 13:42:47.399  INFO 20466 [main] --- o.s.b.a.e.mvc.EndpointHandlerMapping     : Mapped "{[/configprops],methods=[GET],params=[],headers=[],consumes=[],produces=[],custom=[]}" onto public java.lang.Object org.springframework.boot.actuate.endpoint.mvc.EndpointMvcAdapter.invoke()
2014-10-24 13:42:47.400  INFO 20466 [main] --- o.s.b.a.e.mvc.EndpointHandlerMapping     : Mapped "{[/env/{name:.*}],methods=[GET],params=[],headers=[],consumes=[],produces=[],custom=[]}" onto public java.lang.Object org.springframework.boot.actuate.endpoint.mvc.EnvironmentMvcEndpoint.value(java.lang.String)
2014-10-24 13:42:47.400  INFO 20466 [main] --- o.s.b.a.e.mvc.EndpointHandlerMapping     : Mapped "{[/env],methods=[GET],params=[],headers=[],consumes=[],produces=[],custom=[]}" onto public java.lang.Object org.springframework.boot.actuate.endpoint.mvc.EndpointMvcAdapter.invoke()
2014-10-24 13:42:47.401  INFO 20466 [main] --- o.s.b.a.e.mvc.EndpointHandlerMapping     : Mapped "{[/beans],methods=[GET],params=[],headers=[],consumes=[],produces=[],custom=[]}" onto public java.lang.Object org.springframework.boot.actuate.endpoint.mvc.EndpointMvcAdapter.invoke()
2014-10-24 13:42:47.401  INFO 20466 [main] --- o.s.b.a.e.mvc.EndpointHandlerMapping     : Mapped "{[/trace],methods=[GET],params=[],headers=[],consumes=[],produces=[],custom=[]}" onto public java.lang.Object org.springframework.boot.actuate.endpoint.mvc.EndpointMvcAdapter.invoke()
2014-10-24 13:42:47.402  INFO 20466 [main] --- o.s.b.a.e.mvc.EndpointHandlerMapping     : Mapped "{[/metrics/{name:.*}],methods=[GET],params=[],headers=[],consumes=[],produces=[],custom=[]}" onto public java.lang.Object org.springframework.boot.actuate.endpoint.mvc.MetricsMvcEndpoint.value(java.lang.String)
2014-10-24 13:42:47.402  INFO 20466 [main] --- o.s.b.a.e.mvc.EndpointHandlerMapping     : Mapped "{[/metrics],methods=[GET],params=[],headers=[],consumes=[],produces=[],custom=[]}" onto public java.lang.Object org.springframework.boot.actuate.endpoint.mvc.EndpointMvcAdapter.invoke()
2014-10-24 13:42:47.402  INFO 20466 [main] --- o.s.b.a.e.mvc.EndpointHandlerMapping     : Mapped "{[/dump],methods=[GET],params=[],headers=[],consumes=[],produces=[],custom=[]}" onto public java.lang.Object org.springframework.boot.actuate.endpoint.mvc.EndpointMvcAdapter.invoke()
2014-10-24 13:42:47.458  INFO 20466 [main] --- o.s.c.support.DefaultLifecycleProcessor  : Starting beans in phase 0
2014-10-24 13:42:47.461  INFO 20466 [main] --- o.s.b.a.e.jmx.EndpointMBeanExporter      : Located managed bean 'requestMappingEndpoint': registering with JMX server as MBean [org.springframework.boot:type=Endpoint,name=requestMappingEndpoint]
2014-10-24 13:42:47.488  INFO 20466 [main] --- o.s.b.a.e.jmx.EndpointMBeanExporter      : Located managed bean 'environmentEndpoint': registering with JMX server as MBean [org.springframework.boot:type=Endpoint,name=environmentEndpoint]
2014-10-24 13:42:47.496  INFO 20466 [main] --- o.s.b.a.e.jmx.EndpointMBeanExporter      : Located managed bean 'healthEndpoint': registering with JMX server as MBean [org.springframework.boot:type=Endpoint,name=healthEndpoint]
2014-10-24 13:42:47.501  INFO 20466 [main] --- o.s.b.a.e.jmx.EndpointMBeanExporter      : Located managed bean 'beansEndpoint': registering with JMX server as MBean [org.springframework.boot:type=Endpoint,name=beansEndpoint]
2014-10-24 13:42:47.507  INFO 20466 [main] --- o.s.b.a.e.jmx.EndpointMBeanExporter      : Located managed bean 'infoEndpoint': registering with JMX server as MBean [org.springframework.boot:type=Endpoint,name=infoEndpoint]
2014-10-24 13:42:47.513  INFO 20466 [main] --- o.s.b.a.e.jmx.EndpointMBeanExporter      : Located managed bean 'metricsEndpoint': registering with JMX server as MBean [org.springframework.boot:type=Endpoint,name=metricsEndpoint]
2014-10-24 13:42:47.519  INFO 20466 [main] --- o.s.b.a.e.jmx.EndpointMBeanExporter      : Located managed bean 'traceEndpoint': registering with JMX server as MBean [org.springframework.boot:type=Endpoint,name=traceEndpoint]
2014-10-24 13:42:47.524  INFO 20466 [main] --- o.s.b.a.e.jmx.EndpointMBeanExporter      : Located managed bean 'dumpEndpoint': registering with JMX server as MBean [org.springframework.boot:type=Endpoint,name=dumpEndpoint]
2014-10-24 13:42:47.532  INFO 20466 [main] --- o.s.b.a.e.jmx.EndpointMBeanExporter      : Located managed bean 'autoConfigurationAuditEndpoint': registering with JMX server as MBean [org.springframework.boot:type=Endpoint,name=autoConfigurationAuditEndpoint]
2014-10-24 13:42:47.537  INFO 20466 [main] --- o.s.b.a.e.jmx.EndpointMBeanExporter      : Located managed bean 'shutdownEndpoint': registering with JMX server as MBean [org.springframework.boot:type=Endpoint,name=shutdownEndpoint]
2014-10-24 13:42:47.546  INFO 20466 [main] --- o.s.b.a.e.jmx.EndpointMBeanExporter      : Located managed bean 'configurationPropertiesReportEndpoint': registering with JMX server as MBean [org.springframework.boot:type=Endpoint,name=configurationPropertiesReportEndpoint]
2014-10-24 13:42:47.594  INFO 20466 [main] --- s.b.c.e.t.TomcatEmbeddedServletContainer : Tomcat started on port(s): 8080/http
2014-10-24 13:42:47.596  INFO 20466 [main] --- pl.zgora.jug.sprangu.Application         : Started Application in 8.779 seconds (JVM running for 9.476)
2014-10-24 13:42:57.027  INFO 20466 [http-nio-8080-exec-1] --- o.a.c.c.C.[Tomcat].[localhost].[/]       : Initializing Spring FrameworkServlet 'dispatcherServlet'
2014-10-24 13:42:57.027  INFO 20466 [http-nio-8080-exec-1] --- o.s.web.servlet.DispatcherServlet        : FrameworkServlet 'dispatcherServlet': initialization started
2014-10-24 13:42:57.042  INFO 20466 [http-nio-8080-exec-1] --- o.s.web.servlet.DispatcherServlet        : FrameworkServlet 'dispatcherServlet': initialization completed in 15 ms
2014-10-25 00:26:42.007  INFO 20466 [Thread-1] --- ationConfigEmbeddedWebApplicationContext : Closing org.springframework.boot.context.embedded.AnnotationConfigEmbeddedWebApplicationContext@58134517: startup date [Fri Oct 24 13:42:39 CEST 2014]; root of context hierarchy
2014-10-25 00:26:42.009  INFO 20466 [Thread-1] --- o.s.c.support.DefaultLifecycleProcessor  : Stopping beans in phase 0
2014-10-25 00:26:42.025  INFO 20466 [Thread-1] --- o.s.b.a.e.jmx.EndpointMBeanExporter      : Unregistering JMX-exposed beans on shutdown
2014-10-25 00:26:42.026  INFO 20466 [Thread-1] --- o.s.j.e.a.AnnotationMBeanExporter        : Unregistering JMX-exposed beans on shutdown
2014-10-25 00:26:42.065  INFO 20466 [Thread-1] --- j.LocalContainerEntityManagerFactoryBean : Closing JPA EntityManagerFactory for persistence unit 'default'
2014-10-25 00:26:42.066  INFO 20466 [Thread-1] --- org.hibernate.tool.hbm2ddl.SchemaExport  : HHH000227: Running hbm2ddl schema export
2014-10-25 00:26:42.068  INFO 20466 [Thread-1] --- org.hibernate.tool.hbm2ddl.SchemaExport  : HHH000230: Schema export complete
